2024-12-02 16:01:03,450 - INFO: Epoch 1: Train Loss: 23.0068, Val Loss: 22.6686
2024-12-02 16:01:03,467 - INFO: Saved new best model at checkpoints\best_model_epoch_1.pth
2024-12-02 16:01:44,870 - INFO: Epoch 2: Train Loss: 22.6673, Val Loss: 22.6711
2024-12-02 16:02:26,730 - INFO: Epoch 3: Train Loss: 22.6669, Val Loss: 22.6699
2024-12-02 16:04:08,454 - INFO: Epoch 1: Train Loss: 24.6149, Val Loss: 22.7885
2024-12-02 16:04:08,470 - INFO: Saved new best model at checkpoints\best_model_epoch_1.pth
2024-12-02 16:04:20,628 - INFO: Epoch 2: Train Loss: 22.7178, Val Loss: 22.6900
2024-12-02 16:04:20,639 - INFO: Saved new best model at checkpoints\best_model_epoch_2.pth
2024-12-02 16:04:32,203 - INFO: Epoch 3: Train Loss: 22.6812, Val Loss: 22.6774
2024-12-02 16:04:32,212 - INFO: Saved new best model at checkpoints\best_model_epoch_3.pth
2024-12-02 16:04:42,385 - INFO: Epoch 4: Train Loss: 22.6738, Val Loss: 22.6723
2024-12-02 16:04:42,389 - INFO: Saved new best model at checkpoints\best_model_epoch_4.pth
2024-12-02 16:04:52,559 - INFO: Epoch 5: Train Loss: 22.6710, Val Loss: 22.6702
2024-12-02 16:04:52,563 - INFO: Saved new best model at checkpoints\best_model_epoch_5.pth
2024-12-02 16:05:02,307 - INFO: Epoch 6: Train Loss: 22.6695, Val Loss: 22.6692
2024-12-02 16:05:02,332 - INFO: Saved new best model at checkpoints\best_model_epoch_6.pth
2024-12-02 16:05:12,288 - INFO: Epoch 7: Train Loss: 22.6687, Val Loss: 22.6685
2024-12-02 16:05:12,306 - INFO: Saved new best model at checkpoints\best_model_epoch_7.pth
2024-12-02 16:05:21,977 - INFO: Epoch 8: Train Loss: 22.6682, Val Loss: 22.6681
2024-12-02 16:05:21,992 - INFO: Saved new best model at checkpoints\best_model_epoch_8.pth
2024-12-02 16:05:31,614 - INFO: Epoch 9: Train Loss: 22.6679, Val Loss: 22.6678
2024-12-02 16:05:31,614 - INFO: Saved new best model at checkpoints\best_model_epoch_9.pth
2024-12-02 16:05:42,748 - INFO: Epoch 10: Train Loss: 22.6676, Val Loss: 22.6676
2024-12-02 16:05:42,766 - INFO: Saved new best model at checkpoints\best_model_epoch_10.pth
2024-12-02 16:05:42,774 - INFO: Total Training Time: 0.03 hours
2024-12-02 16:14:59,106 - INFO: Epoch 1: Train Loss: 6.9532, Val Loss: 0.6195
2024-12-02 16:14:59,124 - INFO: Saved new best model at checkpoints\best_model_epoch_1.pth
2024-12-02 16:15:28,722 - INFO: Epoch 2: Train Loss: 0.4512, Val Loss: 0.3737
2024-12-02 16:15:28,742 - INFO: Saved new best model at checkpoints\best_model_epoch_2.pth
2024-12-02 16:15:59,778 - INFO: Epoch 3: Train Loss: 0.3441, Val Loss: 0.3258
2024-12-02 16:15:59,778 - INFO: Saved new best model at checkpoints\best_model_epoch_3.pth
2024-12-02 16:16:30,510 - INFO: Epoch 4: Train Loss: 0.3146, Val Loss: 0.3071
2024-12-02 16:16:30,534 - INFO: Saved new best model at checkpoints\best_model_epoch_4.pth
2024-12-02 16:17:02,893 - INFO: Epoch 5: Train Loss: 0.3016, Val Loss: 0.2980
2024-12-02 16:17:02,915 - INFO: Saved new best model at checkpoints\best_model_epoch_5.pth
2024-12-02 16:17:35,597 - INFO: Epoch 6: Train Loss: 0.2948, Val Loss: 0.2924
2024-12-02 16:17:35,605 - INFO: Saved new best model at checkpoints\best_model_epoch_6.pth
2024-12-02 16:18:14,637 - INFO: Epoch 7: Train Loss: 0.2905, Val Loss: 0.2892
2024-12-02 16:18:14,647 - INFO: Saved new best model at checkpoints\best_model_epoch_7.pth
2024-12-02 16:31:57,069 - INFO: Epoch 8: Train Loss: 0.2878, Val Loss: 0.2871
2024-12-02 16:31:57,079 - INFO: Saved new best model at checkpoints\best_model_epoch_8.pth
2024-12-02 16:32:31,784 - INFO: Epoch 9: Train Loss: 0.2860, Val Loss: 0.2854
2024-12-02 16:32:31,792 - INFO: Saved new best model at checkpoints\best_model_epoch_9.pth
2024-12-02 16:33:06,315 - INFO: Epoch 10: Train Loss: 0.2847, Val Loss: 0.2842
2024-12-02 16:33:06,327 - INFO: Saved new best model at checkpoints\best_model_epoch_10.pth
2024-12-02 16:33:06,337 - INFO: Total Training Time: 0.31 hours
2024-12-02 16:44:59,149 - INFO: Epoch 1: Train Loss: 7.0584, Val Loss: 0.5881
2024-12-02 16:44:59,174 - INFO: Saved new best model at checkpoints\best_model_epoch_1.pth
2024-12-02 16:45:08,182 - INFO: Epoch 2: Train Loss: 0.4526, Val Loss: 0.3641
2024-12-02 16:45:08,182 - INFO: Saved new best model at checkpoints\best_model_epoch_2.pth
2024-12-02 16:45:17,167 - INFO: Epoch 3: Train Loss: 0.3446, Val Loss: 0.3217
2024-12-02 16:45:17,176 - INFO: Saved new best model at checkpoints\best_model_epoch_3.pth
2024-12-02 16:45:26,184 - INFO: Epoch 4: Train Loss: 0.3149, Val Loss: 0.3046
2024-12-02 16:45:26,194 - INFO: Saved new best model at checkpoints\best_model_epoch_4.pth
2024-12-02 16:45:35,149 - INFO: Epoch 5: Train Loss: 0.3019, Val Loss: 0.2962
2024-12-02 16:45:35,149 - INFO: Saved new best model at checkpoints\best_model_epoch_5.pth
2024-12-02 16:45:44,116 - INFO: Epoch 6: Train Loss: 0.2948, Val Loss: 0.2914
2024-12-02 16:45:44,116 - INFO: Saved new best model at checkpoints\best_model_epoch_6.pth
2024-12-02 16:45:53,252 - INFO: Epoch 7: Train Loss: 0.2906, Val Loss: 0.2884
2024-12-02 16:45:53,252 - INFO: Saved new best model at checkpoints\best_model_epoch_7.pth
2024-12-02 16:46:02,133 - INFO: Epoch 8: Train Loss: 0.2879, Val Loss: 0.2864
2024-12-02 16:46:02,133 - INFO: Saved new best model at checkpoints\best_model_epoch_8.pth
2024-12-02 16:46:11,070 - INFO: Epoch 9: Train Loss: 0.2861, Val Loss: 0.2850
2024-12-02 16:46:11,083 - INFO: Saved new best model at checkpoints\best_model_epoch_9.pth
2024-12-02 16:46:20,361 - INFO: Epoch 10: Train Loss: 0.2847, Val Loss: 0.2839
2024-12-02 16:46:20,363 - INFO: Saved new best model at checkpoints\best_model_epoch_10.pth
2024-12-02 16:46:20,363 - INFO: Total Training Time: 0.03 hours
2024-12-02 18:20:02,775 - INFO: Epoch 1: Train Loss: 2.1955, Val Loss: 154.7711
2024-12-02 18:20:02,793 - INFO: Saved new best model at checkpoints\best_model_epoch_1.pth
2024-12-02 18:20:12,992 - INFO: Epoch 2: Train Loss: 2.1844, Val Loss: 159.8299
2024-12-02 18:20:23,447 - INFO: Epoch 3: Train Loss: 2.1757, Val Loss: 161.2971
2024-12-02 18:20:34,755 - INFO: Epoch 4: Train Loss: 2.1691, Val Loss: 160.7690
2024-12-02 18:20:45,534 - INFO: Epoch 5: Train Loss: 2.1638, Val Loss: 159.8066
2024-12-02 18:20:55,885 - INFO: Epoch 6: Train Loss: 2.1569, Val Loss: 159.3677
2024-12-02 18:21:07,283 - INFO: Epoch 7: Train Loss: 2.1535, Val Loss: 158.9056
2024-12-02 18:21:18,655 - INFO: Epoch 8: Train Loss: 2.1513, Val Loss: 158.6081
2024-12-02 18:21:30,288 - INFO: Epoch 9: Train Loss: 2.1492, Val Loss: 158.1660
2024-12-02 18:21:41,655 - INFO: Epoch 10: Train Loss: 2.1456, Val Loss: 157.7999
2024-12-02 18:21:41,659 - INFO: Total Training Time: 0.03 hours
2024-12-02 18:25:51,689 - INFO: Epoch 1: Train Loss: 2.1925, Val Loss: 158.5096
2024-12-02 18:25:51,717 - INFO: Saved new best model at checkpoints\best_model_epoch_1.pth
2024-12-02 18:26:04,016 - INFO: Epoch 2: Train Loss: 2.1784, Val Loss: 161.2906
2024-12-02 18:26:16,384 - INFO: Epoch 3: Train Loss: 2.1690, Val Loss: 161.2660
2024-12-02 18:26:28,834 - INFO: Epoch 4: Train Loss: 2.1610, Val Loss: 160.2007
2024-12-02 18:26:41,036 - INFO: Epoch 5: Train Loss: 2.1538, Val Loss: 158.9214
2024-12-02 18:26:53,115 - INFO: Epoch 6: Train Loss: 2.1382, Val Loss: 157.7657
2024-12-02 18:26:53,135 - INFO: Saved new best model at checkpoints\best_model_epoch_6.pth
2024-12-02 18:27:05,530 - INFO: Epoch 7: Train Loss: 2.1295, Val Loss: 156.9164
2024-12-02 18:27:05,550 - INFO: Saved new best model at checkpoints\best_model_epoch_7.pth
2024-12-02 18:27:17,866 - INFO: Epoch 8: Train Loss: 2.1233, Val Loss: 156.2656
2024-12-02 18:27:17,903 - INFO: Saved new best model at checkpoints\best_model_epoch_8.pth
2024-12-02 18:27:29,715 - INFO: Epoch 9: Train Loss: 2.1175, Val Loss: 155.8186
2024-12-02 18:27:29,733 - INFO: Saved new best model at checkpoints\best_model_epoch_9.pth
2024-12-02 18:27:42,418 - INFO: Epoch 10: Train Loss: 2.1122, Val Loss: 155.1818
2024-12-02 18:27:42,425 - INFO: Saved new best model at checkpoints\best_model_epoch_10.pth
2024-12-02 18:27:42,446 - INFO: Total Training Time: 0.03 hours
2024-12-02 18:29:40,399 - INFO: Epoch 1: Train Loss: 0.0887, Val Loss: 18.4138
2024-12-02 18:29:40,399 - INFO: Saved new best model at checkpoints\best_model_epoch_1.pth
2024-12-02 18:29:49,240 - INFO: Epoch 2: Train Loss: 0.0704, Val Loss: 18.2776
2024-12-02 18:29:49,240 - INFO: Saved new best model at checkpoints\best_model_epoch_2.pth
2024-12-02 18:29:57,885 - INFO: Epoch 3: Train Loss: 0.0674, Val Loss: 18.2866
2024-12-02 18:30:06,615 - INFO: Epoch 4: Train Loss: 0.0663, Val Loss: 18.2549
2024-12-02 18:30:06,615 - INFO: Saved new best model at checkpoints\best_model_epoch_4.pth
2024-12-02 18:30:15,159 - INFO: Epoch 5: Train Loss: 0.0656, Val Loss: 18.3089
2024-12-02 18:30:23,654 - INFO: Epoch 6: Train Loss: 0.0650, Val Loss: 18.2577
2024-12-02 18:30:32,075 - INFO: Epoch 7: Train Loss: 0.0644, Val Loss: 18.2588
2024-12-02 18:30:40,548 - INFO: Epoch 8: Train Loss: 0.0638, Val Loss: 18.2753
2024-12-02 18:30:49,046 - INFO: Epoch 9: Train Loss: 0.0620, Val Loss: 18.2307
2024-12-02 18:30:49,049 - INFO: Saved new best model at checkpoints\best_model_epoch_9.pth
2024-12-02 18:30:57,924 - INFO: Epoch 10: Train Loss: 0.0615, Val Loss: 18.2393
2024-12-02 18:30:57,924 - INFO: Total Training Time: 0.02 hours
2024-12-02 19:13:54,457 - INFO: Epoch 1: Train Loss: 1.0220, Val Loss: 0.9183
2024-12-02 19:13:54,480 - INFO: Saved new best model at checkpoints\best_model_epoch_1.pth
2024-12-02 19:14:10,337 - INFO: Epoch 2: Train Loss: 0.8863, Val Loss: 0.8870
2024-12-02 19:14:10,360 - INFO: Saved new best model at checkpoints\best_model_epoch_2.pth
2024-12-02 19:14:25,276 - INFO: Epoch 3: Train Loss: 0.8454, Val Loss: 0.8695
2024-12-02 19:14:25,282 - INFO: Saved new best model at checkpoints\best_model_epoch_3.pth
2024-12-02 19:14:43,588 - INFO: Epoch 4: Train Loss: 0.8170, Val Loss: 0.8599
2024-12-02 19:14:43,588 - INFO: Saved new best model at checkpoints\best_model_epoch_4.pth
2024-12-02 19:15:22,920 - INFO: Epoch 5: Train Loss: 0.7954, Val Loss: 0.8546
2024-12-02 19:15:22,925 - INFO: Saved new best model at checkpoints\best_model_epoch_5.pth
2024-12-02 19:15:40,929 - INFO: Epoch 6: Train Loss: 0.7776, Val Loss: 0.8518
2024-12-02 19:15:40,943 - INFO: Saved new best model at checkpoints\best_model_epoch_6.pth
2024-12-02 19:15:58,094 - INFO: Epoch 7: Train Loss: 0.7624, Val Loss: 0.8495
2024-12-02 19:15:58,106 - INFO: Saved new best model at checkpoints\best_model_epoch_7.pth
2024-12-02 19:16:12,911 - INFO: Epoch 8: Train Loss: 0.7490, Val Loss: 0.8503
2024-12-02 19:16:29,393 - INFO: Epoch 9: Train Loss: 0.7370, Val Loss: 0.8591
2024-12-02 19:16:47,463 - INFO: Epoch 10: Train Loss: 0.7258, Val Loss: 0.8581
2024-12-02 19:16:47,472 - INFO: Total Training Time: 0.05 hours
2024-12-02 19:32:07,044 - INFO: Epoch 1: Train Loss: 1.0046, Val Loss: 0.9208
2024-12-02 19:32:07,058 - INFO: Saved new best model with val_loss: 0.9208
2024-12-02 19:32:24,345 - INFO: Epoch 2: Train Loss: 0.8791, Val Loss: 0.8892
2024-12-02 19:32:24,361 - INFO: Saved new best model with val_loss: 0.8892
2024-12-02 19:32:40,195 - INFO: Epoch 3: Train Loss: 0.8390, Val Loss: 0.8677
2024-12-02 19:32:40,212 - INFO: Saved new best model with val_loss: 0.8677
2024-12-02 19:32:55,361 - INFO: Epoch 4: Train Loss: 0.8114, Val Loss: 0.8593
2024-12-02 19:32:55,384 - INFO: Saved new best model with val_loss: 0.8593
2024-12-02 19:33:10,885 - INFO: Epoch 5: Train Loss: 0.7903, Val Loss: 0.8482
2024-12-02 19:33:10,913 - INFO: Saved new best model with val_loss: 0.8482
2024-12-02 19:34:40,367 - INFO: Epoch 1: Train Loss: 1.0054, Val Loss: 0.9157
2024-12-02 19:34:40,378 - INFO: Saved new best model with val_loss: 0.9157
2024-12-02 19:34:56,480 - INFO: Epoch 2: Train Loss: 0.8792, Val Loss: 0.8848
2024-12-02 19:34:56,506 - INFO: Saved new best model with val_loss: 0.8848
2024-12-02 19:35:16,592 - INFO: Epoch 3: Train Loss: 0.8386, Val Loss: 0.8621
2024-12-02 19:35:16,600 - INFO: Saved new best model with val_loss: 0.8621
2024-12-02 19:35:35,510 - INFO: Epoch 4: Train Loss: 0.8110, Val Loss: 0.8507
2024-12-02 19:35:35,536 - INFO: Saved new best model with val_loss: 0.8507
2024-12-02 19:35:52,831 - INFO: Epoch 5: Train Loss: 0.7900, Val Loss: 0.8412
2024-12-02 19:35:52,842 - INFO: Saved new best model with val_loss: 0.8412
2024-12-02 19:35:52,843 - INFO: Total Training Time: 0.03 hours
2024-12-02 19:41:18,855 - INFO: Epoch 1: Train Loss: 1.0375, Val Loss: 0.9193, Val Accuracy: 0.6123
2024-12-02 19:41:18,855 - INFO: Learning rate: 9.05e-04
2024-12-02 19:41:18,872 - INFO: Saved new best model with val_loss: 0.9193
2024-12-02 19:41:35,855 - INFO: Epoch 2: Train Loss: 0.9128, Val Loss: 0.8753, Val Accuracy: 0.6110
2024-12-02 19:41:35,855 - INFO: Learning rate: 6.55e-04
2024-12-02 19:41:35,872 - INFO: Saved new best model with val_loss: 0.8753
2024-12-02 19:41:55,239 - INFO: Epoch 3: Train Loss: 0.8667, Val Loss: 0.8489, Val Accuracy: 0.6162
2024-12-02 19:41:55,239 - INFO: Learning rate: 3.46e-04
2024-12-02 19:41:55,256 - INFO: Saved new best model with val_loss: 0.8489
2024-12-02 19:42:16,487 - INFO: Epoch 4: Train Loss: 0.8374, Val Loss: 0.8354, Val Accuracy: 0.6203
2024-12-02 19:42:16,487 - INFO: Learning rate: 9.64e-05
2024-12-02 19:42:16,505 - INFO: Saved new best model with val_loss: 0.8354
2024-12-02 19:42:33,187 - INFO: Epoch 5: Train Loss: 0.8196, Val Loss: 0.8283, Val Accuracy: 0.6199
2024-12-02 19:42:33,187 - INFO: Learning rate: 1.00e-03
2024-12-02 19:42:33,187 - INFO: Saved new best model with val_loss: 0.8283
2024-12-02 19:42:33,187 - INFO: Total Training Time: 0.03 hours
2024-12-02 19:45:06,351 - INFO: Epoch 1: Train Loss: 1.0300, Val Loss: 0.9045, Val Accuracy: 0.6125
2024-12-02 19:45:06,351 - INFO: Learning rate: 9.05e-04
2024-12-02 19:45:06,384 - INFO: Saved new best model with val_loss: 0.9045
2024-12-02 19:45:26,800 - INFO: Epoch 2: Train Loss: 0.9057, Val Loss: 0.8572, Val Accuracy: 0.6172
2024-12-02 19:45:26,800 - INFO: Learning rate: 6.55e-04
2024-12-02 19:45:26,814 - INFO: Saved new best model with val_loss: 0.8572
2024-12-02 19:45:44,865 - INFO: Epoch 3: Train Loss: 0.8607, Val Loss: 0.8287, Val Accuracy: 0.6211
2024-12-02 19:45:44,865 - INFO: Learning rate: 3.46e-04
2024-12-02 19:45:44,867 - INFO: Saved new best model with val_loss: 0.8287
2024-12-02 19:46:00,615 - INFO: Epoch 4: Train Loss: 0.8334, Val Loss: 0.8170, Val Accuracy: 0.6264
2024-12-02 19:46:00,615 - INFO: Learning rate: 9.64e-05
2024-12-02 19:46:00,635 - INFO: Saved new best model with val_loss: 0.8170
2024-12-02 19:46:16,731 - INFO: Epoch 5: Train Loss: 0.8163, Val Loss: 0.8120, Val Accuracy: 0.6265
2024-12-02 19:46:16,731 - INFO: Learning rate: 1.00e-03
2024-12-02 19:46:16,752 - INFO: Saved new best model with val_loss: 0.8120
2024-12-02 19:46:16,753 - INFO: Total Training Time: 0.03 hours
2024-12-02 19:49:54,277 - INFO: Epoch 1: Train Loss: 1.0321, Val Loss: 0.9040, Val Accuracy: 0.6136
2024-12-02 19:49:54,277 - INFO: Learning rate: 9.05e-04
2024-12-02 19:49:54,306 - INFO: Saved new best model with val_loss: 0.9040
2024-12-02 19:50:12,099 - INFO: Epoch 2: Train Loss: 0.9061, Val Loss: 0.8588, Val Accuracy: 0.6186
2024-12-02 19:50:12,099 - INFO: Learning rate: 6.55e-04
2024-12-02 19:50:12,115 - INFO: Saved new best model with val_loss: 0.8588
2024-12-02 19:50:31,663 - INFO: Epoch 3: Train Loss: 0.8600, Val Loss: 0.8314, Val Accuracy: 0.6214
2024-12-02 19:50:31,663 - INFO: Learning rate: 3.46e-04
2024-12-02 19:50:31,683 - INFO: Saved new best model with val_loss: 0.8314
2024-12-02 19:50:48,592 - INFO: Epoch 4: Train Loss: 0.8325, Val Loss: 0.8175, Val Accuracy: 0.6270
2024-12-02 19:50:48,592 - INFO: Learning rate: 9.64e-05
2024-12-02 19:50:48,617 - INFO: Saved new best model with val_loss: 0.8175
2024-12-02 19:51:05,720 - INFO: Epoch 5: Train Loss: 0.8152, Val Loss: 0.8129, Val Accuracy: 0.6282
2024-12-02 19:51:05,720 - INFO: Learning rate: 1.00e-03
2024-12-02 19:51:05,734 - INFO: Saved new best model with val_loss: 0.8129
2024-12-02 19:51:24,927 - INFO: Epoch 6: Train Loss: 0.8360, Val Loss: 0.8168, Val Accuracy: 0.6222
2024-12-02 19:51:24,927 - INFO: Learning rate: 9.76e-04
2024-12-02 19:51:42,410 - INFO: Epoch 7: Train Loss: 0.8205, Val Loss: 0.8076, Val Accuracy: 0.6213
2024-12-02 19:51:42,410 - INFO: Learning rate: 9.05e-04
2024-12-02 19:51:42,433 - INFO: Saved new best model with val_loss: 0.8076
2024-12-02 19:51:58,408 - INFO: Epoch 8: Train Loss: 0.8074, Val Loss: 0.8020, Val Accuracy: 0.6232
2024-12-02 19:51:58,408 - INFO: Learning rate: 7.94e-04
2024-12-02 19:51:58,411 - INFO: Saved new best model with val_loss: 0.8020
2024-12-02 19:52:15,375 - INFO: Epoch 9: Train Loss: 0.7953, Val Loss: 0.7953, Val Accuracy: 0.6285
2024-12-02 19:52:15,375 - INFO: Learning rate: 6.55e-04
2024-12-02 19:52:15,388 - INFO: Saved new best model with val_loss: 0.7953
2024-12-02 19:52:31,177 - INFO: Epoch 10: Train Loss: 0.7841, Val Loss: 0.7908, Val Accuracy: 0.6305
2024-12-02 19:52:31,177 - INFO: Learning rate: 5.01e-04
2024-12-02 19:52:31,207 - INFO: Saved new best model with val_loss: 0.7908
2024-12-02 19:52:31,208 - INFO: Total Training Time: 0.07 hours
2024-12-02 20:21:00,734 - INFO: Epoch 1: Train Loss: 1.3000, Val Loss: 1.0264, Val Accuracy: 0.6054
2024-12-02 20:21:00,755 - INFO: Learning rate: 4.00e-05
2024-12-02 20:21:01,456 - INFO: Saved new best model with val_loss: 1.0264
2024-12-02 20:23:46,298 - INFO: Epoch 2: Train Loss: 1.0272, Val Loss: 0.9274, Val Accuracy: 0.6303
2024-12-02 20:23:46,298 - INFO: Learning rate: 4.00e-05
2024-12-02 20:23:46,556 - INFO: Saved new best model with val_loss: 0.9274
2024-12-02 20:27:34,059 - INFO: Epoch 3: Train Loss: 0.9355, Val Loss: 0.8582, Val Accuracy: 0.6523
2024-12-02 20:27:34,059 - INFO: Learning rate: 4.00e-05
2024-12-02 20:27:34,242 - INFO: Saved new best model with val_loss: 0.8582
2024-12-02 20:31:10,542 - INFO: Epoch 4: Train Loss: 0.8666, Val Loss: 0.8039, Val Accuracy: 0.6701
2024-12-02 20:31:10,543 - INFO: Learning rate: 4.00e-05
2024-12-02 20:31:10,683 - INFO: Saved new best model with val_loss: 0.8039
2024-12-02 20:32:53,125 - INFO: Epoch 5: Train Loss: 0.8151, Val Loss: 0.7636, Val Accuracy: 0.6853
2024-12-02 20:32:53,125 - INFO: Learning rate: 4.01e-05
2024-12-02 20:32:53,277 - INFO: Saved new best model with val_loss: 0.7636
2024-12-02 20:34:40,139 - INFO: Epoch 6: Train Loss: 0.7757, Val Loss: 0.7317, Val Accuracy: 0.6974
2024-12-02 20:34:40,140 - INFO: Learning rate: 4.01e-05
2024-12-02 20:34:40,311 - INFO: Saved new best model with val_loss: 0.7317
2024-12-02 20:36:28,462 - INFO: Epoch 7: Train Loss: 0.7418, Val Loss: 0.7058, Val Accuracy: 0.7074
2024-12-02 20:36:28,462 - INFO: Learning rate: 4.01e-05
2024-12-02 20:36:28,605 - INFO: Saved new best model with val_loss: 0.7058
2024-12-02 20:38:10,720 - INFO: Epoch 8: Train Loss: 0.7132, Val Loss: 0.6798, Val Accuracy: 0.7183
2024-12-02 20:38:10,720 - INFO: Learning rate: 4.02e-05
2024-12-02 20:38:10,853 - INFO: Saved new best model with val_loss: 0.6798
2024-12-02 20:39:42,790 - INFO: Epoch 9: Train Loss: 0.6891, Val Loss: 0.6585, Val Accuracy: 0.7272
2024-12-02 20:39:42,790 - INFO: Learning rate: 4.02e-05
2024-12-02 20:39:42,913 - INFO: Saved new best model with val_loss: 0.6585
2024-12-02 20:41:18,080 - INFO: Epoch 10: Train Loss: 0.6671, Val Loss: 0.6442, Val Accuracy: 0.7294
2024-12-02 20:41:18,080 - INFO: Learning rate: 4.03e-05
2024-12-02 20:41:18,213 - INFO: Saved new best model with val_loss: 0.6442
2024-12-02 20:41:18,213 - INFO: Total Training Time: 0.38 hours
